[2023-09-19 07:02:03] [DEBUG][]Listening on port 3000...
[2023-09-19 07:02:03] [INFO][]Connected to mongodb://localhost:27017/notificationManagerDevdb...
[2023-09-19 07:02:06] [DEBUG][]Listening on port 3000...
[2023-09-19 07:02:06] [INFO][]Connected to mongodb://localhost:27017/notificationManagerDevdb...
[2023-09-19 07:02:47] [INFO][ dda31c7f-e06f-400d-ad40-c7defb80ed4a]GET /api/applications/?page=1&pageSize=4&sortBy=appName&sortOrder=asc {}
[2023-09-19 07:02:50] [INFO][ cba0e53b-008e-43b5-aa14-10b790daafa0]GET /api/applications/?page=1&pageSize=4&sortBy=appName&sortOrder=asc {}
[2023-09-19 07:03:41] [INFO][ f8cbd08a-1905-4612-8853-0b8add2c8423]GET /api/applications/?page=1&pageSize=4&sortBy=appName&sortOrder=asc {}
[2023-09-19 07:04:05] [INFO][ 9590996d-f4c2-46bc-98b2-a56a7ffa9b09]GET /api/applications/?page=1&pageSize=4&sortBy=appName&sortOrder=asc {}
[2023-09-19 07:04:08] [INFO][ 5ef895fa-e053-47fe-9e86-9e590db39ab7]GET /api/applications/?page=1&pageSize=4&sortBy=appName&sortOrder=asc {}
[2023-09-19 07:04:27] [INFO][ f0713ff2-8889-4722-9d6d-841e421b9e0c]GET /api/applications/?page=1&pageSize=4&sortBy=appName&sortOrder=asc {}
[2023-09-19 07:04:34] [INFO][ 5b713aee-bc65-469d-925f-5462a480829a]GET /api/applications/?page=1&pageSize=4&sortBy=appName&sortOrder=asc {}
[2023-09-19 07:05:19] [DEBUG][]Listening on port 3000...
[2023-09-19 07:05:19] [INFO][]Connected to mongodb://localhost:27017/notificationManagerDevdb...
[2023-09-19 07:05:28] [DEBUG][]Listening on port 3000...
[2023-09-19 07:05:28] [INFO][]Connected to mongodb://localhost:27017/notificationManagerDevdb...
[2023-09-19 07:05:30] [INFO][ 76a47bd0-33aa-465a-a9ce-b3a422131efe]GET /api/applications/?page=1&pageSize=4&sortBy=appName&sortOrder=asc {}
[2023-09-19 07:05:37] [INFO][ 57363cef-41e8-4b9e-832e-9e20c60d16d2]POST /api/applications/ {"appName":"App1","appDescription":"this is application 1"}
[2023-09-19 07:05:37] [INFO][ 885fdac2-600d-402f-80ea-c470260a0998]GET /api/applications/?page=1&pageSize=4&sortBy=appName&sortOrder=asc {}
[2023-09-19 07:05:44] [INFO][ f942c33c-0a70-4208-8ecf-855a783305e0]POST /api/applications/ {"appName":"App1 ","appDescription":"kkkkk"}
[2023-09-19 07:05:56] [DEBUG][]Listening on port 3000...
[2023-09-19 07:05:56] [INFO][]Connected to mongodb://localhost:27017/notificationManagerDevdb...
[2023-09-19 07:06:03] [DEBUG][]Listening on port 3000...
[2023-09-19 07:06:03] [INFO][]Connected to mongodb://localhost:27017/notificationManagerDevdb...
[2023-09-19 07:06:11] [DEBUG][]Listening on port 3000...
[2023-09-19 07:06:11] [INFO][]Connected to mongodb://localhost:27017/notificationManagerDevdb...
[2023-09-19 07:06:15] [DEBUG][]Listening on port 3000...
[2023-09-19 07:06:15] [INFO][]Connected to mongodb://localhost:27017/notificationManagerDevdb...
[2023-09-19 07:06:31] [INFO][ 62dcfb5c-8658-42c6-a036-d9698c8ceb72]GET /api/applications/?page=1&pageSize=4&sortBy=appName&sortOrder=asc {}
[2023-09-19 07:06:40] [DEBUG][]Listening on port 3000...
[2023-09-19 07:06:40] [INFO][]Connected to mongodb://localhost:27017/notificationManagerDevdb...
[2023-09-19 07:06:42] [DEBUG][]Listening on port 3000...
[2023-09-19 07:06:42] [INFO][]Connected to mongodb://localhost:27017/notificationManagerDevdb...
[2023-09-19 07:06:45] [DEBUG][]Listening on port 3000...
[2023-09-19 07:06:45] [INFO][]Connected to mongodb://localhost:27017/notificationManagerDevdb...
[2023-09-19 07:06:47] [DEBUG][]Listening on port 3000...
[2023-09-19 07:06:47] [INFO][]Connected to mongodb://localhost:27017/notificationManagerDevdb...
[2023-09-19 07:06:59] [DEBUG][]Listening on port 3000...
[2023-09-19 07:06:59] [INFO][]Connected to mongodb://localhost:27017/notificationManagerDevdb...
[2023-09-19 07:07:23] [DEBUG][]Listening on port 3000...
[2023-09-19 07:07:23] [INFO][]Connected to mongodb://localhost:27017/notificationManagerDevdb...
[2023-09-19 07:07:26] [DEBUG][]Listening on port 3000...
[2023-09-19 07:07:26] [INFO][]Connected to mongodb://localhost:27017/notificationManagerDevdb...
[2023-09-19 07:07:29] [DEBUG][]Listening on port 3000...
[2023-09-19 07:07:29] [INFO][]Connected to mongodb://localhost:27017/notificationManagerDevdb...
[2023-09-19 07:07:54] [DEBUG][]Listening on port 3000...
[2023-09-19 07:07:54] [INFO][]Connected to mongodb://localhost:27017/notificationManagerDevdb...
[2023-09-19 07:08:33] [DEBUG][]Listening on port 3000...
[2023-09-19 07:08:33] [INFO][]Connected to mongodb://localhost:27017/notificationManagerDevdb...
[2023-09-19 07:08:34] [INFO][ ef322045-463e-4a04-8121-fde34913af9e]GET /api/applications/?page=1&pageSize=4&sortBy=appName&sortOrder=asc {}
[2023-09-19 07:08:35] [INFO][ a04fc73d-a3a1-411b-ba41-c47494878d12]GET /api/events/?page=1&pageSize=6&applicationId=65098081d77f60288b30572d&sortBy=appName&sortOrder=asc {}
[2023-09-19 07:08:40] [INFO][ a598de9d-8b61-4942-a347-56344f7600d5]GET /api/events/?page=1&pageSize=6&applicationId=65098081d77f60288b30572d&sortBy=appName&sortOrder=asc {}
[2023-09-19 07:08:40] [INFO][ 4204c6c8-23e0-4c9c-9ae3-d64e00121669]GET /api/applications/?page=1&pageSize=4&sortBy=appName&sortOrder=asc {}
[2023-09-19 07:08:47] [INFO][ 3a87479a-9b52-45a3-a2ee-8fc8d205cc26]POST /api/events/ {"eventName":"event 1","eventDescription":"kkkkkkkkk","applicationId":"65098081d77f60288b30572d"}
[2023-09-19 07:08:47] [INFO][ 8afc7364-ae82-4517-8860-a1437aa87114]GET /api/events/?page=1&pageSize=6&applicationId=65098081d77f60288b30572d&sortBy=appName&sortOrder=asc {}
[2023-09-19 07:08:54] [INFO][ d7c14d1f-fb2d-4980-affb-db8049c90c9f]POST /api/events/ {"eventName":"event 1 ","eventDescription":"oooooooo","applicationId":"65098081d77f60288b30572d"}
[2023-09-19 07:08:54] [INFO][ f01c0e97-986d-436a-ba68-9f42eb8c1885]GET /api/events/?page=1&pageSize=6&applicationId=65098081d77f60288b30572d&sortBy=appName&sortOrder=asc {}
[2023-09-19 07:08:56] [INFO][ 97f3e060-5409-4d23-9e29-4dbf76056b2d]GET /api/notifications/?page=1&pageSize=6&eventId=6509813f6834c0cf999f5185&sortBy=appName&sortOrder=asc {}
[2023-09-19 07:09:07] [INFO][ 0e1381ab-7089-4d05-8f8c-27b522931c2c]GET /api/notifications/?page=1&pageSize=6&eventId=650981466834c0cf999f518c&sortBy=appName&sortOrder=asc {}
[2023-09-19 07:09:20] [DEBUG][]Listening on port 3000...
[2023-09-19 07:09:20] [INFO][]Connected to mongodb://localhost:27017/notificationManagerDevdb...
[2023-09-19 07:09:35] [DEBUG][]Listening on port 3000...
[2023-09-19 07:09:35] [INFO][]Connected to mongodb://localhost:27017/notificationManagerDevdb...
[2023-09-19 07:09:39] [DEBUG][]Listening on port 3000...
[2023-09-19 07:09:39] [INFO][]Connected to mongodb://localhost:27017/notificationManagerDevdb...
[2023-09-19 07:10:04] [INFO][ c7f9cf90-c8da-4ac0-a993-d6f5716b18be]GET /api/applications/?page=1&pageSize=4&sortBy=appName&sortOrder=asc {}
[2023-09-19 07:10:04] [INFO][ 28a3db23-4d14-4c0a-b8a7-38f7760a4283]GET /api/events/?page=1&pageSize=6&applicationId=65098081d77f60288b30572d&sortBy=appName&sortOrder=asc {}
[2023-09-19 07:10:04] [INFO][ 6a4825e9-317d-4b3d-9ef9-f7931a7de9f4]GET /api/notifications/?page=1&pageSize=6&eventId=650981466834c0cf999f518c&sortBy=appName&sortOrder=asc {}
[2023-09-19 07:10:43] [DEBUG][]Listening on port 3000...
[2023-09-19 07:10:43] [INFO][]Connected to mongodb://localhost:27017/notificationManagerDevdb...
[2023-09-19 07:11:01] [DEBUG][]Listening on port 3000...
[2023-09-19 07:11:01] [INFO][]Connected to mongodb://localhost:27017/notificationManagerDevdb...
[2023-09-19 07:11:15] [INFO][ 540b0369-f5aa-47cd-a54c-8eef89a5339c]GET /api/applications/?page=1&pageSize=4&sortBy=appName&sortOrder=asc {}
[2023-09-19 07:11:15] [INFO][ c20aa24c-0a8b-4a62-b8b2-27424ae489fe]GET /api/events/?page=1&pageSize=6&applicationId=65098081d77f60288b30572d&sortBy=appName&sortOrder=asc {}
[2023-09-19 07:11:15] [INFO][ ab71a14c-30cb-4479-9feb-8643b9bd0e2a]GET /api/notifications/?page=1&pageSize=6&eventId=650981466834c0cf999f518c&sortBy=appName&sortOrder=asc {}
[2023-09-19 07:11:36] [INFO][ 88351248-a9eb-4a76-809e-4bcaa36d700b]GET /api/applications/?page=1&pageSize=4&sortBy=appName&sortOrder=asc {}
[2023-09-19 07:11:36] [INFO][ 57965390-6f98-4f4e-9e07-57360839433f]GET /api/events/?page=1&pageSize=6&applicationId=65098081d77f60288b30572d&sortBy=appName&sortOrder=asc {}
[2023-09-19 07:11:36] [INFO][ 4104aa93-1907-47da-84ed-f9022d08961f]GET /api/notifications/?page=1&pageSize=6&eventId=650981466834c0cf999f518c&sortBy=appName&sortOrder=asc {}
[2023-09-19 07:11:52] [INFO][ 37d20858-0b70-4f18-a9fc-021b73e0a472]GET /api/applications/?page=1&pageSize=4&sortBy=appName&sortOrder=asc {}
[2023-09-19 07:11:52] [INFO][ d742f424-1520-4387-ab30-d298534ea3f8]GET /api/events/?page=1&pageSize=6&applicationId=65098081d77f60288b30572d&sortBy=appName&sortOrder=asc {}
[2023-09-19 07:11:52] [INFO][ 122d0412-a85e-46c3-9c99-45115120fd42]GET /api/notifications/?page=1&pageSize=6&eventId=650981466834c0cf999f518c&sortBy=appName&sortOrder=asc {}
[2023-09-19 07:11:54] [INFO][ ee120c32-3eec-4e7c-877b-1d0f25aad1e2]GET /api/applications/?page=1&pageSize=4&sortBy=appName&sortOrder=asc {}
[2023-09-19 07:11:54] [INFO][ b9fc2512-af2e-41ee-a968-08a2def3ba79]GET /api/events/?page=1&pageSize=6&applicationId=65098081d77f60288b30572d&sortBy=appName&sortOrder=asc {}
[2023-09-19 07:11:54] [INFO][ 74cedc9d-6c3d-4f00-bf0d-14ec832f88b4]GET /api/notifications/?page=1&pageSize=6&eventId=650981466834c0cf999f518c&sortBy=appName&sortOrder=asc {}
[2023-09-19 07:12:18] [DEBUG][]Listening on port 3000...
[2023-09-19 07:12:19] [INFO][]Connected to mongodb://localhost:27017/notificationManagerDevdb...
[2023-09-19 07:12:26] [DEBUG][]Listening on port 3000...
[2023-09-19 07:12:26] [INFO][]Connected to mongodb://localhost:27017/notificationManagerDevdb...
[2023-09-19 07:12:45] [DEBUG][]Listening on port 3000...
[2023-09-19 07:12:45] [INFO][]Connected to mongodb://localhost:27017/notificationManagerDevdb...
[2023-09-19 07:12:49] [DEBUG][]Listening on port 3000...
[2023-09-19 07:12:49] [INFO][]Connected to mongodb://localhost:27017/notificationManagerDevdb...
[2023-09-19 07:12:54] [DEBUG][]Listening on port 3000...
[2023-09-19 07:12:54] [INFO][]Connected to mongodb://localhost:27017/notificationManagerDevdb...
[2023-09-19 07:13:03] [DEBUG][]Listening on port 3000...
[2023-09-19 07:13:03] [INFO][]Connected to mongodb://localhost:27017/notificationManagerDevdb...
[2023-09-19 07:13:07] [INFO][ b90c6ac1-0678-48af-b13a-fe5391a4244f]GET /api/applications/?page=1&pageSize=4&sortBy=appName&sortOrder=asc {}
[2023-09-19 07:13:07] [INFO][ 9f36f74d-30a1-40b7-9646-ff4493df53aa]GET /api/events/?page=1&pageSize=6&applicationId=65098081d77f60288b30572d&sortBy=appName&sortOrder=asc {}
[2023-09-19 07:13:07] [INFO][ 79cbced0-d403-4f2a-b213-ea1cfa245567]GET /api/notifications/?page=1&pageSize=6&eventId=650981466834c0cf999f518c&sortBy=appName&sortOrder=asc {}
[2023-09-19 07:13:10] [INFO][ a6a8255b-c402-4d8f-b270-0d01bf98893a]GET /api/applications/?page=1&pageSize=4&sortBy=appName&sortOrder=asc {}
[2023-09-19 07:13:13] [INFO][ ccd4a006-5334-4f92-aaf5-9fd746b05fab]GET /api/applications/?page=1&pageSize=4&sortBy=appName&sortOrder=asc {}
[2023-09-19 07:13:27] [INFO][ ab401626-a980-4502-9011-b72f9a638a99]POST /api/applications/ {"appName":"App1 ","appDescription":"kkkk"}
[2023-09-19 07:13:30] [INFO][ 5a32f014-b60a-442f-84a8-28d9a6b13bd4]GET /api/events/?page=1&pageSize=6&applicationId=65098081d77f60288b30572d&sortBy=appName&sortOrder=asc {}
[2023-09-19 07:13:31] [INFO][ 5785ee3c-908e-4ea6-85c6-f0bf6a546e87]GET /api/notifications/?page=1&pageSize=6&eventId=6509813f6834c0cf999f5185&sortBy=appName&sortOrder=asc {}
[2023-09-19 07:13:33] [INFO][ 5f3cac7f-d364-498b-805e-84029cb17c12]GET /api/notifications/?page=1&pageSize=6&eventId=650981466834c0cf999f518c&sortBy=appName&sortOrder=asc {}
[2023-09-19 07:13:36] [INFO][ 8b2a0dad-ebd9-47e0-b19e-700dc35fee6c]PUT /api/events/650981466834c0cf999f518c/update {"eventName":"event 1 ","eventDescription":"oooooooo"}
[2023-09-19 07:13:40] [INFO][ 45f40b07-35ba-4aa6-b079-285e2b42e771]GET /api/tags {}
[2023-09-19 07:13:40] [INFO][ ffe241b0-ed01-4875-b364-4f43a62c103e]GET /api/notifications?eventId=650981466834c0cf999f518c&notificationId= {}
[2023-09-19 07:13:48] [INFO][ 55492463-e6fa-4a50-b5b8-3a4477a4f224]POST /api/notifications {"notificationName":"noti 1 ","templateSubject":"kkkkkk","notificationDescription":"kkkkkkkkkkkkkkkkk","templateBody":"kkkkkkkkkkkkkk","eventId":"650981466834c0cf999f518c"}
[2023-09-19 07:13:48] [INFO][ 6b13a37a-78e3-4793-b059-926a07da0b34]GET /api/applications/?page=1&pageSize=4&sortBy=appName&sortOrder=asc {}
[2023-09-19 07:13:50] [INFO][ 4938f372-7dc6-41ef-aa2e-57bb4d48770a]GET /api/events/?page=1&pageSize=6&applicationId=65098081d77f60288b30572d&sortBy=appName&sortOrder=asc {}
[2023-09-19 07:13:51] [INFO][ bf12ef96-3984-442f-8301-51b1a120e75d]GET /api/notifications/?page=1&pageSize=6&eventId=6509813f6834c0cf999f5185&sortBy=appName&sortOrder=asc {}
[2023-09-19 07:13:53] [INFO][ e9a38fc9-8cca-4251-bd54-fb8fc9e485e5]GET /api/notifications/?page=1&pageSize=6&eventId=650981466834c0cf999f518c&sortBy=appName&sortOrder=asc {}
[2023-09-19 07:13:55] [INFO][ 434322f9-374a-4108-a659-7d5a1df9a691]GET /api/tags {}
[2023-09-19 07:13:55] [INFO][ 28329273-fbdf-448c-842e-9aa308cbc1e6]GET /api/notifications?eventId=650981466834c0cf999f518c&notificationId= {}
[2023-09-19 07:14:07] [INFO][ daedaa18-cdc1-455c-b6f6-43790be2e54d]POST /api/notifications {"notificationName":"noti 1","templateSubject":"jjjjjjjjjjjjjjjjjjjjjjjjj","notificationDescription":"jjjjjjjjjjjjjjjjjjj","templateBody":"jjjjjjjjjjjjjjjjjjj","eventId":"650981466834c0cf999f518c"}
[2023-09-19 07:14:11] [INFO][ 1d744f92-1aa8-4838-837c-2b696767d1a5]POST /api/notifications {"notificationName":"noti 1 ","templateSubject":"jjjjjjjjjjjjjjjjjjjjjjjjj","notificationDescription":"jjjjjjjjjjjjjjjjjjj","templateBody":"jjjjjjjjjjjjjjjjjjj","eventId":"650981466834c0cf999f518c"}
[2023-09-19 07:14:16] [INFO][ d9e5af8c-4d9a-40e7-bf20-ab6ad22e8e30]POST /api/notifications {"notificationName":"noti 1","templateSubject":"jjjjjjjjjjjjjjjjjjjjjjjjj","notificationDescription":"jjjjjjjjjjjjjjjjjjj","templateBody":"jjjjjjjjjjjjjjjjjjj\n","eventId":"650981466834c0cf999f518c"}
[2023-09-19 07:14:18] [INFO][ 5ae22863-1c89-47bf-a3d1-4617f9400cf6]GET /api/applications/?page=1&pageSize=4&sortBy=appName&sortOrder=asc {}
[2023-09-19 07:14:20] [INFO][ f19e5083-af7a-4b91-a2ba-4477fb88f252]GET /api/applications/?page=1&pageSize=4&sortBy=appName&sortOrder=asc {}
