[2023-09-18 02:04:33] [ERROR][][8405f5f0-e3d5-4792-88cc-9c7900d247df] TypeError: User is not a constructor
[2023-09-18 02:12:38] [ERROR][][0ce11f26-eb96-409f-9a46-6645d3e3ac20] TypeError: User is not a constructor
[2023-09-18 02:13:54] [ERROR][][dc885b33-6620-4f9e-80c3-d9301883a94e] TypeError: User is not a constructor
[2023-09-18 02:16:30] [ERROR][][885e61c6-53b6-451e-ae6e-5e5ce0dd4d4c] TypeError: User is not a constructor
[2023-09-18 03:34:05] [ERROR][][36073f08-44f3-488e-ac21-bfbf9c7ad4b8] Error [ERR_HTTP_HEADERS_SENT]: Cannot set headers after they are sent to the client
[2023-09-18 03:34:29] [ERROR][][88af590d-9040-4d9a-8576-d316937f7984] Error [ERR_HTTP_HEADERS_SENT]: Cannot set headers after they are sent to the client
[2023-09-18 03:38:17] [ERROR][][c62570c0-5a4e-49bf-b478-7ee66b8781a9] Error [ERR_HTTP_HEADERS_SENT]: Cannot set headers after they are sent to the client
[2023-09-18 03:38:17] [ERROR][][63a054cd-b61c-4390-baf5-4f2df5f226e4] Error [ERR_HTTP_HEADERS_SENT]: Cannot set headers after they are sent to the client
[2023-09-18 03:38:17] [ERROR][][be7da688-fad5-480e-ba23-445a655120e1] Error [ERR_HTTP_HEADERS_SENT]: Cannot set headers after they are sent to the client
[2023-09-18 03:38:18] [ERROR][][4c70cccd-7c2f-4d82-a151-df3a1d21e365] Error [ERR_HTTP_HEADERS_SENT]: Cannot set headers after they are sent to the client
[2023-09-18 03:38:18] [ERROR][][8d9c6622-f183-49f2-91ca-4b300e6aa1c2] Error [ERR_HTTP_HEADERS_SENT]: Cannot set headers after they are sent to the client
[2023-09-18 03:38:18] [ERROR][][3e9ac4eb-f2d1-4176-850d-3b3381c543fc] Error [ERR_HTTP_HEADERS_SENT]: Cannot set headers after they are sent to the client
[2023-09-18 03:38:20] [ERROR][][f5ffdc84-a56f-489e-beca-92cb8cde7182] Error [ERR_HTTP_HEADERS_SENT]: Cannot set headers after they are sent to the client
[2023-09-18 03:38:20] [ERROR][][2020679e-a055-42f7-9919-0e1fc57d5b71] Error [ERR_HTTP_HEADERS_SENT]: Cannot set headers after they are sent to the client
[2023-09-18 03:38:20] [ERROR][][f984fdd9-390b-4529-ae73-9cd98ae9644a] Error [ERR_HTTP_HEADERS_SENT]: Cannot set headers after they are sent to the client
[2023-09-18 03:38:24] [ERROR][][4ad3cef7-fa38-4c05-9ff7-70e55faf7318] Error [ERR_HTTP_HEADERS_SENT]: Cannot set headers after they are sent to the client
[2023-09-18 03:38:24] [ERROR][][f958bf84-4c99-4bde-9b1f-475f01419cfb] Error [ERR_HTTP_HEADERS_SENT]: Cannot set headers after they are sent to the client
[2023-09-18 03:38:24] [ERROR][][7020ef32-0218-46e7-bd6a-6115f102720b] Error [ERR_HTTP_HEADERS_SENT]: Cannot set headers after they are sent to the client
[2023-09-18 03:38:30] [ERROR][][b1af8ac0-b106-4d55-8df7-29bf174fe838] Error [ERR_HTTP_HEADERS_SENT]: Cannot set headers after they are sent to the client
[2023-09-18 03:38:30] [ERROR][][0c19a7e0-9aef-4614-9f89-c75183aefe7b] Error [ERR_HTTP_HEADERS_SENT]: Cannot set headers after they are sent to the client
[2023-09-18 03:38:30] [ERROR][][f057b31f-2a67-4f9d-8c61-4d29dac81b7a] Error [ERR_HTTP_HEADERS_SENT]: Cannot set headers after they are sent to the client
[2023-09-18 03:38:31] [ERROR][][64a00335-9c1a-4758-9a43-1449e5d719d4] Error [ERR_HTTP_HEADERS_SENT]: Cannot set headers after they are sent to the client
[2023-09-18 03:38:31] [ERROR][][5034f945-c4b2-4443-b9a6-551b4f415547] Error [ERR_HTTP_HEADERS_SENT]: Cannot set headers after they are sent to the client
[2023-09-18 03:38:31] [ERROR][][561f268f-39cc-4bde-b79b-b42870033d48] Error [ERR_HTTP_HEADERS_SENT]: Cannot set headers after they are sent to the client
[2023-09-18 03:38:32] [ERROR][][ce4e5924-f578-41af-95fc-c2a4b3fae529] Error [ERR_HTTP_HEADERS_SENT]: Cannot set headers after they are sent to the client
[2023-09-18 03:38:33] [ERROR][][63400b37-62ca-46ae-97d8-3ca96bccf4b6] Error [ERR_HTTP_HEADERS_SENT]: Cannot set headers after they are sent to the client
[2023-09-18 03:38:35] [ERROR][][185929db-2e4f-4a39-a2b0-4f6376a153ad] Error [ERR_HTTP_HEADERS_SENT]: Cannot set headers after they are sent to the client
[2023-09-18 03:38:39] [ERROR][][91530eea-7ea9-4551-8ac2-e8c5300d7b8a] Error [ERR_HTTP_HEADERS_SENT]: Cannot set headers after they are sent to the client
[2023-09-18 03:38:53] [ERROR][][d65731e3-9e26-44e5-90f9-41f4e97415c7] Error [ERR_HTTP_HEADERS_SENT]: Cannot set headers after they are sent to the client
[2023-09-18 03:38:54] [ERROR][][cc93ed85-c776-427a-aa6b-cb826342489a] Error [ERR_HTTP_HEADERS_SENT]: Cannot set headers after they are sent to the client
[2023-09-18 03:38:56] [ERROR][][93c5b300-658b-4684-81eb-32a2ccec3325] Error [ERR_HTTP_HEADERS_SENT]: Cannot set headers after they are sent to the client
[2023-09-18 05:01:47] [ERROR][][eaa2b4cc-e444-4d08-b500-9580d6c70098] Error [ERR_HTTP_HEADERS_SENT]: Cannot set headers after they are sent to the client
[2023-09-18 05:01:48] [ERROR][][3ed324ae-6d64-419c-83b4-2eb02ea28398] Error [ERR_HTTP_HEADERS_SENT]: Cannot set headers after they are sent to the client
[2023-09-18 05:01:50] [ERROR][][df54e985-c187-43bb-81b8-8e60c952683c] Error [ERR_HTTP_HEADERS_SENT]: Cannot set headers after they are sent to the client
[2023-09-18 05:01:54] [ERROR][][21bcae14-2fd3-46a7-a65a-4ff5285ffae6] Error [ERR_HTTP_HEADERS_SENT]: Cannot set headers after they are sent to the client
[2023-09-18 05:02:07] [ERROR][][4d5984dc-dc0d-4025-95a5-b176d09d2408] Error [ERR_HTTP_HEADERS_SENT]: Cannot set headers after they are sent to the client
[2023-09-18 05:02:08] [ERROR][][0e30de5b-4012-4d66-8cb9-5ba54afc746e] Error [ERR_HTTP_HEADERS_SENT]: Cannot set headers after they are sent to the client
[2023-09-18 05:09:26] [ERROR][][1448163e-7819-421f-b79b-bb51b7946722] Error [ERR_HTTP_HEADERS_SENT]: Cannot set headers after they are sent to the client
[2023-09-18 05:09:27] [ERROR][][8f401874-693d-4cc9-9f9e-596214906a8e] Error [ERR_HTTP_HEADERS_SENT]: Cannot set headers after they are sent to the client
[2023-09-18 05:09:29] [ERROR][][d7b5b9af-f280-4f54-8c03-251951a40650] Error [ERR_HTTP_HEADERS_SENT]: Cannot set headers after they are sent to the client
[2023-09-18 05:09:33] [ERROR][][a657f97f-824c-4061-bdf0-b6022fd48d28] Error [ERR_HTTP_HEADERS_SENT]: Cannot set headers after they are sent to the client
[2023-09-18 05:10:26] [ERROR][][a244f60b-f8bd-464c-a4da-b4181e362d06] Error [ERR_HTTP_HEADERS_SENT]: Cannot set headers after they are sent to the client
[2023-09-18 05:10:27] [ERROR][][dffe41d8-9583-4f1b-98c1-6289e23e44d4] Error [ERR_HTTP_HEADERS_SENT]: Cannot set headers after they are sent to the client
[2023-09-18 05:10:29] [ERROR][][2c1ab232-5617-4ec0-b5e5-f921941019b5] Error [ERR_HTTP_HEADERS_SENT]: Cannot set headers after they are sent to the client
[2023-09-18 05:10:33] [ERROR][][5ad24e2b-294d-4c8b-b35a-7f14b8f1ea13] Error [ERR_HTTP_HEADERS_SENT]: Cannot set headers after they are sent to the client
[2023-09-18 05:13:44] [ERROR][][36a933a1-e07b-41c1-8503-3508261ed1eb] Error [ERR_HTTP_HEADERS_SENT]: Cannot set headers after they are sent to the client
[2023-09-18 05:13:45] [ERROR][][05785303-661d-4047-8368-d076fea42b6a] Error [ERR_HTTP_HEADERS_SENT]: Cannot set headers after they are sent to the client
[2023-09-18 05:13:47] [ERROR][][9c3ac876-cb75-48a2-a355-d1f6863f5403] Error [ERR_HTTP_HEADERS_SENT]: Cannot set headers after they are sent to the client
[2023-09-18 05:53:36] [ERROR][][6cce7271-bbe0-4f05-9ddf-baad579d8b76] Error [ERR_HTTP_HEADERS_SENT]: Cannot set headers after they are sent to the client
[2023-09-18 06:07:46] [ERROR][][f53863d0-e305-42f4-8aad-7d46c8dfb085] Error [ERR_HTTP_HEADERS_SENT]: Cannot set headers after they are sent to the client
[2023-09-18 06:07:47] [ERROR][][a818e34c-4923-4ce7-bcab-fdfd4043e152] Error [ERR_HTTP_HEADERS_SENT]: Cannot set headers after they are sent to the client
[2023-09-18 06:07:49] [ERROR][][55046847-8326-4c4a-b4f4-83a9f81b3212] Error [ERR_HTTP_HEADERS_SENT]: Cannot set headers after they are sent to the client
[2023-09-18 06:07:53] [ERROR][][de4d1d4d-c01a-4872-aa6f-c4827f88043f] Error [ERR_HTTP_HEADERS_SENT]: Cannot set headers after they are sent to the client
[2023-09-18 06:24:11] [ERROR][][5c2b548a-8db6-4e14-8d97-3fe29251f8a4] Error [ERR_HTTP_HEADERS_SENT]: Cannot set headers after they are sent to the client
[2023-09-18 06:24:12] [ERROR][][efd3d852-9b16-4ff6-99c6-b2e5fc9a61ef] Error [ERR_HTTP_HEADERS_SENT]: Cannot set headers after they are sent to the client
[2023-09-18 06:24:14] [ERROR][][81c8a594-04b6-4fbd-974e-c4226440ee9c] Error [ERR_HTTP_HEADERS_SENT]: Cannot set headers after they are sent to the client
[2023-09-18 06:24:18] [ERROR][][54989522-3170-4885-8a04-33ebb887a681] Error [ERR_HTTP_HEADERS_SENT]: Cannot set headers after they are sent to the client
[2023-09-18 06:55:22] [ERROR][][336378ac-30b8-43f5-a249-fccb578af65e] Error [ERR_HTTP_HEADERS_SENT]: Cannot set headers after they are sent to the client
[2023-09-18 07:04:28] [ERROR][][c67dbeee-99ae-47a0-8544-35395e8c8d26] Error [ERR_HTTP_HEADERS_SENT]: Cannot set headers after they are sent to the client
[2023-09-18 07:04:29] [ERROR][][21cff640-46d8-4beb-8f92-dc04a7e61baf] Error [ERR_HTTP_HEADERS_SENT]: Cannot set headers after they are sent to the client
[2023-09-18 07:35:34] [ERROR][][1adf4637-9926-49ef-9ad9-39fd96441ac3] Error [ERR_HTTP_HEADERS_SENT]: Cannot set headers after they are sent to the client
[2023-09-18 07:35:35] [ERROR][][09f0fdd4-a08e-4189-a3b2-b70245923f7a] Error [ERR_HTTP_HEADERS_SENT]: Cannot set headers after they are sent to the client
[2023-09-18 07:35:37] [ERROR][][51fec041-3e3a-4437-9ba9-c919228c6e10] Error [ERR_HTTP_HEADERS_SENT]: Cannot set headers after they are sent to the client
[2023-09-18 07:36:02] [ERROR][][f66e7931-6d0e-47d5-ac17-41619b4738aa] Error [ERR_HTTP_HEADERS_SENT]: Cannot set headers after they are sent to the client
[2023-09-18 07:36:03] [ERROR][][3bbdff3d-4965-4544-90b4-0864d3385cce] Error [ERR_HTTP_HEADERS_SENT]: Cannot set headers after they are sent to the client
[2023-09-18 09:12:30] [ERROR][][07d05951-f9af-4dcb-8e0a-d6c392f52b42] Error [ERR_HTTP_HEADERS_SENT]: Cannot set headers after they are sent to the client
[2023-09-18 09:12:31] [ERROR][][f0f6ce53-49fc-4239-b327-6bd8eef31fe7] Error [ERR_HTTP_HEADERS_SENT]: Cannot set headers after they are sent to the client
[2023-09-18 09:12:33] [ERROR][][da9ea012-4e08-4012-958c-6a12d95d7d03] Error [ERR_HTTP_HEADERS_SENT]: Cannot set headers after they are sent to the client
[2023-09-18 09:13:12] [ERROR][][b0ae3db0-b020-488c-b6c8-fd2addb8049b] Error [ERR_HTTP_HEADERS_SENT]: Cannot set headers after they are sent to the client
[2023-09-18 09:13:13] [ERROR][][4b67af4f-89fc-4eac-9194-956c88b9cbcb] Error [ERR_HTTP_HEADERS_SENT]: Cannot set headers after they are sent to the client
[2023-09-18 09:13:15] [ERROR][][8af254af-6ee1-4326-bd2f-a99e757f8da6] Error [ERR_HTTP_HEADERS_SENT]: Cannot set headers after they are sent to the client
[2023-09-18 09:13:39] [ERROR][][a3f1365c-c99f-44f2-99db-1a9f1de2da9c] Error [ERR_HTTP_HEADERS_SENT]: Cannot set headers after they are sent to the client
[2023-09-18 09:13:41] [ERROR][][316228d7-65b4-4276-a918-65cdb3328c2d] Error [ERR_HTTP_HEADERS_SENT]: Cannot set headers after they are sent to the client
[2023-09-18 09:13:43] [ERROR][][3045fde8-bcdf-410b-8535-bf21fb9b7a6f] Error [ERR_HTTP_HEADERS_SENT]: Cannot set headers after they are sent to the client
[2023-09-18 09:13:47] [ERROR][][2754d284-5f43-42f4-8e91-cc9fdaab577d] Error [ERR_HTTP_HEADERS_SENT]: Cannot set headers after they are sent to the client
[2023-09-18 09:14:19] [ERROR][][3761f372-ae07-4d3a-9c25-f73d4b959a8a] Error [ERR_HTTP_HEADERS_SENT]: Cannot set headers after they are sent to the client
[2023-09-18 09:14:20] [ERROR][][4e024412-982f-479c-837c-5ec2062791ff] Error [ERR_HTTP_HEADERS_SENT]: Cannot set headers after they are sent to the client
[2023-09-18 09:14:21] [ERROR][][66b020ce-2161-4412-b14f-6af0ef40e233] Error [ERR_HTTP_HEADERS_SENT]: Cannot set headers after they are sent to the client
[2023-09-18 09:14:23] [ERROR][][504d423e-61df-46eb-b761-e2b87379baca] Error [ERR_HTTP_HEADERS_SENT]: Cannot set headers after they are sent to the client
[2023-09-18 09:14:27] [ERROR][][4538b4c9-b3c7-47d1-9bc7-c1169e81711b] Error [ERR_HTTP_HEADERS_SENT]: Cannot set headers after they are sent to the client
[2023-09-18 09:15:56] [ERROR][][56cc7038-9d7b-425f-8b00-9b7676324908] Error [ERR_HTTP_HEADERS_SENT]: Cannot set headers after they are sent to the client
[2023-09-18 09:15:58] [ERROR][][43aaf40f-c174-4291-9b26-c2f812fa3524] Error [ERR_HTTP_HEADERS_SENT]: Cannot set headers after they are sent to the client
[2023-09-18 09:16:00] [ERROR][][02197b83-1449-4b3c-bab8-324d922bc50c] Error [ERR_HTTP_HEADERS_SENT]: Cannot set headers after they are sent to the client
[2023-09-18 09:16:01] [ERROR][][89ecbf12-e1c6-47ad-b2e8-e2ea81388ade] Error [ERR_HTTP_HEADERS_SENT]: Cannot set headers after they are sent to the client
[2023-09-18 09:16:03] [ERROR][][1df95bea-97a4-487a-a4b2-b2253c9e72ed] Error [ERR_HTTP_HEADERS_SENT]: Cannot set headers after they are sent to the client
[2023-09-18 09:16:07] [ERROR][][1fdf8f34-a216-4ed1-b144-10f04b348a27] Error [ERR_HTTP_HEADERS_SENT]: Cannot set headers after they are sent to the client
[2023-09-18 09:19:18] [ERROR][][6809ce2b-aff8-4baa-aebd-e282c2a99706] Error [ERR_HTTP_HEADERS_SENT]: Cannot set headers after they are sent to the client
[2023-09-18 09:19:52] [ERROR][][cae8264f-8bb4-4ac6-8c52-e3a2a676e5a7] Error [ERR_HTTP_HEADERS_SENT]: Cannot set headers after they are sent to the client
[2023-09-18 09:25:30] [ERROR][][9f1eb3d3-aef0-4e46-ae25-30757df46f53] Error [ERR_HTTP_HEADERS_SENT]: Cannot set headers after they are sent to the client
[2023-09-18 09:28:01] [ERROR][][e817eaf4-b6f6-4c0c-ad0b-e65dd364d2ae] Error [ERR_HTTP_HEADERS_SENT]: Cannot set headers after they are sent to the client
[2023-09-18 13:49:54] [ERROR][][2d56ce8b-eba4-493f-bfb9-fe0befa7cc8f] Error [ERR_HTTP_HEADERS_SENT]: Cannot set headers after they are sent to the client
[2023-09-19 03:47:07] [ERROR][][697185e5-5dc5-4b20-aed3-7a952e0f44ef] Error [ERR_HTTP_HEADERS_SENT]: Cannot set headers after they are sent to the client
[2023-09-19 06:41:58] [ERROR][][f62ebf28-c695-4da2-b9b9-bb361feca481] Error [ERR_HTTP_HEADERS_SENT]: Cannot set headers after they are sent to the client
[2023-09-19 06:49:58] [ERROR][][ae13f726-1c65-4333-b36c-21d403183700] Error [ERR_HTTP_HEADERS_SENT]: Cannot set headers after they are sent to the client
[2023-09-19 06:52:23] [ERROR][][ea46c3ba-6e51-4931-a62d-df6eab487f90] MongooseError: Operation `applications.countDocuments()` buffering timed out after 10000ms
[2023-09-19 06:52:23] [ERROR][][bf29c832-4560-4fe4-89a0-8a26e99319c3] MongooseError: Operation `applications.findOne()` buffering timed out after 10000ms
[2023-09-19 06:52:23] [ERROR][][9202de9e-0066-453e-b338-5c1ebd696ab9] MongooseError: Operation `events.findOne()` buffering timed out after 10000ms
[2023-09-19 06:52:34] [ERROR][][df754ee6-2126-45fa-8964-027954f2c097] MongooseError: Operation `applications.countDocuments()` buffering timed out after 10000ms
[2023-09-19 06:52:34] [ERROR][][e181f7b9-24d5-4379-92f5-1df11574e40d] MongooseError: Operation `applications.findOne()` buffering timed out after 10000ms
[2023-09-19 06:52:34] [ERROR][][b1cb8d60-9b13-4caf-aaa0-e8fddaf9e2fc] MongooseError: Operation `events.findOne()` buffering timed out after 10000ms
